Analysis & Synthesis report for CORDIC_SINCOS
Tue Dec 02 22:01:16 2025
Quartus II 64-Bit Version 13.0.1 Build 232 06/12/2013 Service Pack 1 SJ Web Edition


---------------------
; Table of Contents ;
---------------------
  1. Legal Notice
  2. Analysis & Synthesis Summary
  3. Analysis & Synthesis Settings
  4. Parallel Compilation
  5. Analysis & Synthesis Source Files Read
  6. Analysis & Synthesis Resource Usage Summary
  7. Analysis & Synthesis Resource Utilization by Entity
  8. Analysis & Synthesis IP Cores Summary
  9. General Register Statistics
 10. Multiplexer Restructuring Statistics (Restructuring Performed)
 11. Parameter Settings for User Entity Instance: CNT_4BIT:inst3|lpm_counter:LPM_COUNTER_component
 12. Parameter Settings for User Entity Instance: LPM_FF:REG_X_INST
 13. Parameter Settings for User Entity Instance: LPM_FF:inst13
 14. Parameter Settings for User Entity Instance: LPM_FF:REG_Y_INST
 15. Parameter Settings for User Entity Instance: CONST_K:inst7|lpm_constant:LPM_CONSTANT_component
 16. Elapsed Time Per Partition
 17. Analysis & Synthesis Messages



----------------
; Legal Notice ;
----------------
Copyright (C) 1991-2013 Altera Corporation
Your use of Altera Corporation's design tools, logic functions 
and other software and tools, and its AMPP partner logic 
functions, and any output files from any of the foregoing 
(including device programming or simulation files), and any 
associated documentation or information are expressly subject 
to the terms and conditions of the Altera Program License 
Subscription Agreement, Altera MegaCore Function License 
Agreement, or other applicable license agreement, including, 
without limitation, that your use is for the sole purpose of 
programming logic devices manufactured by Altera and sold by 
Altera or its authorized distributors.  Please refer to the 
applicable agreement for further details.



+--------------------------------------------------------------------------------------+
; Analysis & Synthesis Summary                                                         ;
+------------------------------------+-------------------------------------------------+
; Analysis & Synthesis Status        ; Successful - Tue Dec 02 22:01:16 2025           ;
; Quartus II 64-Bit Version          ; 13.0.1 Build 232 06/12/2013 SP 1 SJ Web Edition ;
; Revision Name                      ; CORDIC_SINCOS                                   ;
; Top-level Entity Name              ; CORDIC_SINCOS                                   ;
; Family                             ; Cyclone II                                      ;
; Total logic elements               ; 321                                             ;
;     Total combinational functions  ; 321                                             ;
;     Dedicated logic registers      ; 53                                              ;
; Total registers                    ; 53                                              ;
; Total pins                         ; 51                                              ;
; Total virtual pins                 ; 0                                               ;
; Total memory bits                  ; 0                                               ;
; Embedded Multiplier 9-bit elements ; 0                                               ;
; Total PLLs                         ; 0                                               ;
+------------------------------------+-------------------------------------------------+


+----------------------------------------------------------------------------------------------------------------------+
; Analysis & Synthesis Settings                                                                                        ;
+----------------------------------------------------------------------------+--------------------+--------------------+
; Option                                                                     ; Setting            ; Default Value      ;
+----------------------------------------------------------------------------+--------------------+--------------------+
; Device                                                                     ; EP2C35F672C6       ;                    ;
; Top-level entity name                                                      ; CORDIC_SINCOS      ; CORDIC_SINCOS      ;
; Family name                                                                ; Cyclone II         ; Cyclone IV GX      ;
; Use smart compilation                                                      ; Off                ; Off                ;
; Enable parallel Assembler and TimeQuest Timing Analyzer during compilation ; On                 ; On                 ;
; Enable compact report table                                                ; Off                ; Off                ;
; Restructure Multiplexers                                                   ; Auto               ; Auto               ;
; Create Debugging Nodes for IP Cores                                        ; Off                ; Off                ;
; Preserve fewer node names                                                  ; On                 ; On                 ;
; Disable OpenCore Plus hardware evaluation                                  ; Off                ; Off                ;
; Verilog Version                                                            ; Verilog_2001       ; Verilog_2001       ;
; VHDL Version                                                               ; VHDL_1993          ; VHDL_1993          ;
; State Machine Processing                                                   ; Auto               ; Auto               ;
; Safe State Machine                                                         ; Off                ; Off                ;
; Extract Verilog State Machines                                             ; On                 ; On                 ;
; Extract VHDL State Machines                                                ; On                 ; On                 ;
; Ignore Verilog initial constructs                                          ; Off                ; Off                ;
; Iteration limit for constant Verilog loops                                 ; 5000               ; 5000               ;
; Iteration limit for non-constant Verilog loops                             ; 250                ; 250                ;
; Add Pass-Through Logic to Inferred RAMs                                    ; On                 ; On                 ;
; Infer RAMs from Raw Logic                                                  ; On                 ; On                 ;
; Parallel Synthesis                                                         ; On                 ; On                 ;
; DSP Block Balancing                                                        ; Auto               ; Auto               ;
; NOT Gate Push-Back                                                         ; On                 ; On                 ;
; Power-Up Don't Care                                                        ; On                 ; On                 ;
; Remove Redundant Logic Cells                                               ; Off                ; Off                ;
; Remove Duplicate Registers                                                 ; On                 ; On                 ;
; Ignore CARRY Buffers                                                       ; Off                ; Off                ;
; Ignore CASCADE Buffers                                                     ; Off                ; Off                ;
; Ignore GLOBAL Buffers                                                      ; Off                ; Off                ;
; Ignore ROW GLOBAL Buffers                                                  ; Off                ; Off                ;
; Ignore LCELL Buffers                                                       ; Off                ; Off                ;
; Ignore SOFT Buffers                                                        ; On                 ; On                 ;
; Limit AHDL Integers to 32 Bits                                             ; Off                ; Off                ;
; Optimization Technique                                                     ; Balanced           ; Balanced           ;
; Carry Chain Length                                                         ; 70                 ; 70                 ;
; Auto Carry Chains                                                          ; On                 ; On                 ;
; Auto Open-Drain Pins                                                       ; On                 ; On                 ;
; Perform WYSIWYG Primitive Resynthesis                                      ; Off                ; Off                ;
; Auto ROM Replacement                                                       ; On                 ; On                 ;
; Auto RAM Replacement                                                       ; On                 ; On                 ;
; Auto Shift Register Replacement                                            ; Auto               ; Auto               ;
; Allow Shift Register Merging across Hierarchies                            ; Auto               ; Auto               ;
; Auto Clock Enable Replacement                                              ; On                 ; On                 ;
; Strict RAM Replacement                                                     ; Off                ; Off                ;
; Allow Synchronous Control Signals                                          ; On                 ; On                 ;
; Force Use of Synchronous Clear Signals                                     ; Off                ; Off                ;
; Auto RAM to Logic Cell Conversion                                          ; Off                ; Off                ;
; Auto Resource Sharing                                                      ; Off                ; Off                ;
; Allow Any RAM Size For Recognition                                         ; Off                ; Off                ;
; Allow Any ROM Size For Recognition                                         ; Off                ; Off                ;
; Allow Any Shift Register Size For Recognition                              ; Off                ; Off                ;
; Use LogicLock Constraints during Resource Balancing                        ; On                 ; On                 ;
; Ignore translate_off and synthesis_off directives                          ; Off                ; Off                ;
; Timing-Driven Synthesis                                                    ; Off                ; Off                ;
; Report Parameter Settings                                                  ; On                 ; On                 ;
; Report Source Assignments                                                  ; On                 ; On                 ;
; Report Connectivity Checks                                                 ; On                 ; On                 ;
; Ignore Maximum Fan-Out Assignments                                         ; Off                ; Off                ;
; Synchronization Register Chain Length                                      ; 2                  ; 2                  ;
; PowerPlay Power Optimization                                               ; Normal compilation ; Normal compilation ;
; HDL message level                                                          ; Level2             ; Level2             ;
; Suppress Register Optimization Related Messages                            ; Off                ; Off                ;
; Number of Removed Registers Reported in Synthesis Report                   ; 5000               ; 5000               ;
; Number of Swept Nodes Reported in Synthesis Report                         ; 5000               ; 5000               ;
; Number of Inverted Registers Reported in Synthesis Report                  ; 100                ; 100                ;
; Clock MUX Protection                                                       ; On                 ; On                 ;
; Auto Gated Clock Conversion                                                ; Off                ; Off                ;
; Block Design Naming                                                        ; Auto               ; Auto               ;
; SDC constraint protection                                                  ; Off                ; Off                ;
; Synthesis Effort                                                           ; Auto               ; Auto               ;
; Shift Register Replacement - Allow Asynchronous Clear Signal               ; On                 ; On                 ;
; Pre-Mapping Resynthesis Optimization                                       ; Off                ; Off                ;
; Analysis & Synthesis Message Level                                         ; Medium             ; Medium             ;
; Disable Register Merging Across Hierarchies                                ; Auto               ; Auto               ;
; Resource Aware Inference For Block RAM                                     ; On                 ; On                 ;
; Synthesis Seed                                                             ; 1                  ; 1                  ;
+----------------------------------------------------------------------------+--------------------+--------------------+


Parallel compilation was disabled, but you have multiple processors available. Enable parallel compilation to reduce compilation time.
+-------------------------------------+
; Parallel Compilation                ;
+----------------------------+--------+
; Processors                 ; Number ;
+----------------------------+--------+
; Number detected on machine ; 16     ;
; Maximum allowed            ; 1      ;
+----------------------------+--------+


+-------------------------------------------------------------------------------------------------------------------------------------------------------------------------------+
; Analysis & Synthesis Source Files Read                                                                                                                                        ;
+----------------------------------+-----------------+------------------------------------+---------------------------------------------------------------------------+---------+
; File Name with User-Entered Path ; Used in Netlist ; File Type                          ; File Name with Absolute Path                                              ; Library ;
+----------------------------------+-----------------+------------------------------------+---------------------------------------------------------------------------+---------+
; ADDER.bdf                        ; yes             ; User Block Diagram/Schematic File  ; C:/Users/ADMIN/Documents/LLS/Project/ADDER.bdf                            ;         ;
; ADDER16bit.bdf                   ; yes             ; User Block Diagram/Schematic File  ; C:/Users/ADMIN/Documents/LLS/Project/ADDER16bit.bdf                       ;         ;
; SUB16bit.bdf                     ; yes             ; User Block Diagram/Schematic File  ; C:/Users/ADMIN/Documents/LLS/Project/SUB16bit.bdf                         ;         ;
; MUX16_21.bdf                     ; yes             ; User Block Diagram/Schematic File  ; C:/Users/ADMIN/Documents/LLS/Project/MUX16_21.bdf                         ;         ;
; MUX16_41.bdf                     ; yes             ; User Block Diagram/Schematic File  ; C:/Users/ADMIN/Documents/LLS/Project/MUX16_41.bdf                         ;         ;
; ALU.bdf                          ; yes             ; User Block Diagram/Schematic File  ; C:/Users/ADMIN/Documents/LLS/Project/ALU.bdf                              ;         ;
; ASR1.bdf                         ; yes             ; User Block Diagram/Schematic File  ; C:/Users/ADMIN/Documents/LLS/Project/ASR1.bdf                             ;         ;
; SHIFTER_STAGE0.bdf               ; yes             ; User Block Diagram/Schematic File  ; C:/Users/ADMIN/Documents/LLS/Project/SHIFTER_STAGE0.bdf                   ;         ;
; SHIFTER_STAGE1.bdf               ; yes             ; User Block Diagram/Schematic File  ; C:/Users/ADMIN/Documents/LLS/Project/SHIFTER_STAGE1.bdf                   ;         ;
; SHIFTER_STAGE2.bdf               ; yes             ; User Block Diagram/Schematic File  ; C:/Users/ADMIN/Documents/LLS/Project/SHIFTER_STAGE2.bdf                   ;         ;
; SHIFTER_STAGE3.bdf               ; yes             ; User Block Diagram/Schematic File  ; C:/Users/ADMIN/Documents/LLS/Project/SHIFTER_STAGE3.bdf                   ;         ;
; BARREL_SHIFTER.bdf               ; yes             ; User Block Diagram/Schematic File  ; C:/Users/ADMIN/Documents/LLS/Project/BARREL_SHIFTER.bdf                   ;         ;
; CORDIC_SINCOS.bdf                ; yes             ; User Block Diagram/Schematic File  ; C:/Users/ADMIN/Documents/LLS/Project/CORDIC_SINCOS.bdf                    ;         ;
; ATAN_LUT_ASYNC.v                 ; yes             ; User Verilog HDL File              ; C:/Users/ADMIN/Documents/LLS/Project/ATAN_LUT_ASYNC.v                     ;         ;
; cnt_4bit.v                       ; yes             ; Auto-Found Wizard-Generated File   ; C:/Users/ADMIN/Documents/LLS/Project/cnt_4bit.v                           ;         ;
; lpm_counter.tdf                  ; yes             ; Megafunction                       ; c:/altera/13.0sp1/quartus/libraries/megafunctions/lpm_counter.tdf         ;         ;
; lpm_constant.inc                 ; yes             ; Megafunction                       ; c:/altera/13.0sp1/quartus/libraries/megafunctions/lpm_constant.inc        ;         ;
; lpm_decode.inc                   ; yes             ; Megafunction                       ; c:/altera/13.0sp1/quartus/libraries/megafunctions/lpm_decode.inc          ;         ;
; lpm_add_sub.inc                  ; yes             ; Megafunction                       ; c:/altera/13.0sp1/quartus/libraries/megafunctions/lpm_add_sub.inc         ;         ;
; cmpconst.inc                     ; yes             ; Megafunction                       ; c:/altera/13.0sp1/quartus/libraries/megafunctions/cmpconst.inc            ;         ;
; lpm_compare.inc                  ; yes             ; Megafunction                       ; c:/altera/13.0sp1/quartus/libraries/megafunctions/lpm_compare.inc         ;         ;
; lpm_counter.inc                  ; yes             ; Megafunction                       ; c:/altera/13.0sp1/quartus/libraries/megafunctions/lpm_counter.inc         ;         ;
; dffeea.inc                       ; yes             ; Megafunction                       ; c:/altera/13.0sp1/quartus/libraries/megafunctions/dffeea.inc              ;         ;
; alt_counter_stratix.inc          ; yes             ; Megafunction                       ; c:/altera/13.0sp1/quartus/libraries/megafunctions/alt_counter_stratix.inc ;         ;
; aglobal130.inc                   ; yes             ; Megafunction                       ; c:/altera/13.0sp1/quartus/libraries/megafunctions/aglobal130.inc          ;         ;
; db/cntr_3oi.tdf                  ; yes             ; Auto-Generated Megafunction        ; C:/Users/ADMIN/Documents/LLS/Project/db/cntr_3oi.tdf                      ;         ;
; lpm_ff.tdf                       ; yes             ; Megafunction                       ; c:/altera/13.0sp1/quartus/libraries/megafunctions/lpm_ff.tdf              ;         ;
; const_k.v                        ; yes             ; Auto-Found Wizard-Generated File   ; C:/Users/ADMIN/Documents/LLS/Project/const_k.v                            ;         ;
; lpm_constant.tdf                 ; yes             ; Megafunction                       ; c:/altera/13.0sp1/quartus/libraries/megafunctions/lpm_constant.tdf        ;         ;
+----------------------------------+-----------------+------------------------------------+---------------------------------------------------------------------------+---------+


+----------------------------------------------------------------------------------------------------------------------------------+
; Analysis & Synthesis Resource Usage Summary                                                                                      ;
+---------------------------------------------+------------------------------------------------------------------------------------+
; Resource                                    ; Usage                                                                              ;
+---------------------------------------------+------------------------------------------------------------------------------------+
; Estimated Total logic elements              ; 321                                                                                ;
;                                             ;                                                                                    ;
; Total combinational functions               ; 321                                                                                ;
; Logic element usage by number of LUT inputs ;                                                                                    ;
;     -- 4 input functions                    ; 205                                                                                ;
;     -- 3 input functions                    ; 84                                                                                 ;
;     -- <=2 input functions                  ; 32                                                                                 ;
;                                             ;                                                                                    ;
; Logic elements by mode                      ;                                                                                    ;
;     -- normal mode                          ; 318                                                                                ;
;     -- arithmetic mode                      ; 3                                                                                  ;
;                                             ;                                                                                    ;
; Total registers                             ; 53                                                                                 ;
;     -- Dedicated logic registers            ; 53                                                                                 ;
;     -- I/O registers                        ; 0                                                                                  ;
;                                             ;                                                                                    ;
; I/O pins                                    ; 51                                                                                 ;
; Embedded Multiplier 9-bit elements          ; 0                                                                                  ;
; Maximum fan-out node                        ; CNT_4BIT:inst3|lpm_counter:LPM_COUNTER_component|cntr_3oi:auto_generated|safe_q[3] ;
; Maximum fan-out                             ; 74                                                                                 ;
; Total fan-out                               ; 1338                                                                               ;
; Average fan-out                             ; 3.15                                                                               ;
+---------------------------------------------+------------------------------------------------------------------------------------+


+----------------------------------------------------------------------------------------------------------------------------------------------------------------------------------------------------------------------------------------------------------------+
; Analysis & Synthesis Resource Utilization by Entity                                                                                                                                                                                                            ;
+-------------------------------------------+-------------------+--------------+-------------+--------------+---------+-----------+------+--------------+-----------------------------------------------------------------------------------------+--------------+
; Compilation Hierarchy Node                ; LC Combinationals ; LC Registers ; Memory Bits ; DSP Elements ; DSP 9x9 ; DSP 18x18 ; Pins ; Virtual Pins ; Full Hierarchy Name                                                                     ; Library Name ;
+-------------------------------------------+-------------------+--------------+-------------+--------------+---------+-----------+------+--------------+-----------------------------------------------------------------------------------------+--------------+
; |CORDIC_SINCOS                            ; 321 (3)           ; 53 (1)       ; 0           ; 0            ; 0       ; 0         ; 51   ; 0            ; |CORDIC_SINCOS                                                                          ; work         ;
;    |ALU:inst26|                           ; 46 (0)            ; 0 (0)        ; 0           ; 0            ; 0       ; 0         ; 0    ; 0            ; |CORDIC_SINCOS|ALU:inst26                                                               ; work         ;
;       |ADDER16bit:inst|                   ; 21 (0)            ; 0 (0)        ; 0           ; 0            ; 0       ; 0         ; 0    ; 0            ; |CORDIC_SINCOS|ALU:inst26|ADDER16bit:inst                                               ; work         ;
;          |ADDER:inst10|                   ; 2 (2)             ; 0 (0)        ; 0           ; 0            ; 0       ; 0         ; 0    ; 0            ; |CORDIC_SINCOS|ALU:inst26|ADDER16bit:inst|ADDER:inst10                                  ; work         ;
;          |ADDER:inst11|                   ; 1 (1)             ; 0 (0)        ; 0           ; 0            ; 0       ; 0         ; 0    ; 0            ; |CORDIC_SINCOS|ALU:inst26|ADDER16bit:inst|ADDER:inst11                                  ; work         ;
;          |ADDER:inst12|                   ; 1 (1)             ; 0 (0)        ; 0           ; 0            ; 0       ; 0         ; 0    ; 0            ; |CORDIC_SINCOS|ALU:inst26|ADDER16bit:inst|ADDER:inst12                                  ; work         ;
;          |ADDER:inst13|                   ; 1 (1)             ; 0 (0)        ; 0           ; 0            ; 0       ; 0         ; 0    ; 0            ; |CORDIC_SINCOS|ALU:inst26|ADDER16bit:inst|ADDER:inst13                                  ; work         ;
;          |ADDER:inst14|                   ; 2 (2)             ; 0 (0)        ; 0           ; 0            ; 0       ; 0         ; 0    ; 0            ; |CORDIC_SINCOS|ALU:inst26|ADDER16bit:inst|ADDER:inst14                                  ; work         ;
;          |ADDER:inst15|                   ; 1 (1)             ; 0 (0)        ; 0           ; 0            ; 0       ; 0         ; 0    ; 0            ; |CORDIC_SINCOS|ALU:inst26|ADDER16bit:inst|ADDER:inst15                                  ; work         ;
;          |ADDER:inst16|                   ; 2 (2)             ; 0 (0)        ; 0           ; 0            ; 0       ; 0         ; 0    ; 0            ; |CORDIC_SINCOS|ALU:inst26|ADDER16bit:inst|ADDER:inst16                                  ; work         ;
;          |ADDER:inst17|                   ; 1 (1)             ; 0 (0)        ; 0           ; 0            ; 0       ; 0         ; 0    ; 0            ; |CORDIC_SINCOS|ALU:inst26|ADDER16bit:inst|ADDER:inst17                                  ; work         ;
;          |ADDER:inst18|                   ; 1 (1)             ; 0 (0)        ; 0           ; 0            ; 0       ; 0         ; 0    ; 0            ; |CORDIC_SINCOS|ALU:inst26|ADDER16bit:inst|ADDER:inst18                                  ; work         ;
;          |ADDER:inst1|                    ; 2 (2)             ; 0 (0)        ; 0           ; 0            ; 0       ; 0         ; 0    ; 0            ; |CORDIC_SINCOS|ALU:inst26|ADDER16bit:inst|ADDER:inst1                                   ; work         ;
;          |ADDER:inst20|                   ; 2 (2)             ; 0 (0)        ; 0           ; 0            ; 0       ; 0         ; 0    ; 0            ; |CORDIC_SINCOS|ALU:inst26|ADDER16bit:inst|ADDER:inst20                                  ; work         ;
;          |ADDER:inst21|                   ; 2 (2)             ; 0 (0)        ; 0           ; 0            ; 0       ; 0         ; 0    ; 0            ; |CORDIC_SINCOS|ALU:inst26|ADDER16bit:inst|ADDER:inst21                                  ; work         ;
;          |ADDER:inst22|                   ; 2 (2)             ; 0 (0)        ; 0           ; 0            ; 0       ; 0         ; 0    ; 0            ; |CORDIC_SINCOS|ALU:inst26|ADDER16bit:inst|ADDER:inst22                                  ; work         ;
;          |ADDER:inst|                     ; 1 (1)             ; 0 (0)        ; 0           ; 0            ; 0       ; 0         ; 0    ; 0            ; |CORDIC_SINCOS|ALU:inst26|ADDER16bit:inst|ADDER:inst                                    ; work         ;
;       |MUX16_41:inst2|                    ; 7 (0)             ; 0 (0)        ; 0           ; 0            ; 0       ; 0         ; 0    ; 0            ; |CORDIC_SINCOS|ALU:inst26|MUX16_41:inst2                                                ; work         ;
;          |MUX16_21:inst|                  ; 7 (7)             ; 0 (0)        ; 0           ; 0            ; 0       ; 0         ; 0    ; 0            ; |CORDIC_SINCOS|ALU:inst26|MUX16_41:inst2|MUX16_21:inst                                  ; work         ;
;       |SUB16bit:inst1|                    ; 18 (0)            ; 0 (0)        ; 0           ; 0            ; 0       ; 0         ; 0    ; 0            ; |CORDIC_SINCOS|ALU:inst26|SUB16bit:inst1                                                ; work         ;
;          |ADDER16bit:inst|                ; 18 (0)            ; 0 (0)        ; 0           ; 0            ; 0       ; 0         ; 0    ; 0            ; |CORDIC_SINCOS|ALU:inst26|SUB16bit:inst1|ADDER16bit:inst                                ; work         ;
;             |ADDER:inst10|                ; 1 (1)             ; 0 (0)        ; 0           ; 0            ; 0       ; 0         ; 0    ; 0            ; |CORDIC_SINCOS|ALU:inst26|SUB16bit:inst1|ADDER16bit:inst|ADDER:inst10                   ; work         ;
;             |ADDER:inst11|                ; 1 (1)             ; 0 (0)        ; 0           ; 0            ; 0       ; 0         ; 0    ; 0            ; |CORDIC_SINCOS|ALU:inst26|SUB16bit:inst1|ADDER16bit:inst|ADDER:inst11                   ; work         ;
;             |ADDER:inst12|                ; 1 (1)             ; 0 (0)        ; 0           ; 0            ; 0       ; 0         ; 0    ; 0            ; |CORDIC_SINCOS|ALU:inst26|SUB16bit:inst1|ADDER16bit:inst|ADDER:inst12                   ; work         ;
;             |ADDER:inst13|                ; 1 (1)             ; 0 (0)        ; 0           ; 0            ; 0       ; 0         ; 0    ; 0            ; |CORDIC_SINCOS|ALU:inst26|SUB16bit:inst1|ADDER16bit:inst|ADDER:inst13                   ; work         ;
;             |ADDER:inst14|                ; 1 (1)             ; 0 (0)        ; 0           ; 0            ; 0       ; 0         ; 0    ; 0            ; |CORDIC_SINCOS|ALU:inst26|SUB16bit:inst1|ADDER16bit:inst|ADDER:inst14                   ; work         ;
;             |ADDER:inst15|                ; 1 (1)             ; 0 (0)        ; 0           ; 0            ; 0       ; 0         ; 0    ; 0            ; |CORDIC_SINCOS|ALU:inst26|SUB16bit:inst1|ADDER16bit:inst|ADDER:inst15                   ; work         ;
;             |ADDER:inst16|                ; 1 (1)             ; 0 (0)        ; 0           ; 0            ; 0       ; 0         ; 0    ; 0            ; |CORDIC_SINCOS|ALU:inst26|SUB16bit:inst1|ADDER16bit:inst|ADDER:inst16                   ; work         ;
;             |ADDER:inst17|                ; 1 (1)             ; 0 (0)        ; 0           ; 0            ; 0       ; 0         ; 0    ; 0            ; |CORDIC_SINCOS|ALU:inst26|SUB16bit:inst1|ADDER16bit:inst|ADDER:inst17                   ; work         ;
;             |ADDER:inst18|                ; 1 (1)             ; 0 (0)        ; 0           ; 0            ; 0       ; 0         ; 0    ; 0            ; |CORDIC_SINCOS|ALU:inst26|SUB16bit:inst1|ADDER16bit:inst|ADDER:inst18                   ; work         ;
;             |ADDER:inst19|                ; 1 (1)             ; 0 (0)        ; 0           ; 0            ; 0       ; 0         ; 0    ; 0            ; |CORDIC_SINCOS|ALU:inst26|SUB16bit:inst1|ADDER16bit:inst|ADDER:inst19                   ; work         ;
;             |ADDER:inst1|                 ; 1 (1)             ; 0 (0)        ; 0           ; 0            ; 0       ; 0         ; 0    ; 0            ; |CORDIC_SINCOS|ALU:inst26|SUB16bit:inst1|ADDER16bit:inst|ADDER:inst1                    ; work         ;
;             |ADDER:inst20|                ; 3 (3)             ; 0 (0)        ; 0           ; 0            ; 0       ; 0         ; 0    ; 0            ; |CORDIC_SINCOS|ALU:inst26|SUB16bit:inst1|ADDER16bit:inst|ADDER:inst20                   ; work         ;
;             |ADDER:inst21|                ; 1 (1)             ; 0 (0)        ; 0           ; 0            ; 0       ; 0         ; 0    ; 0            ; |CORDIC_SINCOS|ALU:inst26|SUB16bit:inst1|ADDER16bit:inst|ADDER:inst21                   ; work         ;
;             |ADDER:inst9|                 ; 2 (2)             ; 0 (0)        ; 0           ; 0            ; 0       ; 0         ; 0    ; 0            ; |CORDIC_SINCOS|ALU:inst26|SUB16bit:inst1|ADDER16bit:inst|ADDER:inst9                    ; work         ;
;             |ADDER:inst|                  ; 1 (1)             ; 0 (0)        ; 0           ; 0            ; 0       ; 0         ; 0    ; 0            ; |CORDIC_SINCOS|ALU:inst26|SUB16bit:inst1|ADDER16bit:inst|ADDER:inst                     ; work         ;
;    |ALU:inst27|                           ; 62 (0)            ; 0 (0)        ; 0           ; 0            ; 0       ; 0         ; 0    ; 0            ; |CORDIC_SINCOS|ALU:inst27                                                               ; work         ;
;       |ADDER16bit:inst|                   ; 14 (0)            ; 0 (0)        ; 0           ; 0            ; 0       ; 0         ; 0    ; 0            ; |CORDIC_SINCOS|ALU:inst27|ADDER16bit:inst                                               ; work         ;
;          |ADDER:inst10|                   ; 1 (1)             ; 0 (0)        ; 0           ; 0            ; 0       ; 0         ; 0    ; 0            ; |CORDIC_SINCOS|ALU:inst27|ADDER16bit:inst|ADDER:inst10                                  ; work         ;
;          |ADDER:inst11|                   ; 1 (1)             ; 0 (0)        ; 0           ; 0            ; 0       ; 0         ; 0    ; 0            ; |CORDIC_SINCOS|ALU:inst27|ADDER16bit:inst|ADDER:inst11                                  ; work         ;
;          |ADDER:inst12|                   ; 1 (1)             ; 0 (0)        ; 0           ; 0            ; 0       ; 0         ; 0    ; 0            ; |CORDIC_SINCOS|ALU:inst27|ADDER16bit:inst|ADDER:inst12                                  ; work         ;
;          |ADDER:inst13|                   ; 1 (1)             ; 0 (0)        ; 0           ; 0            ; 0       ; 0         ; 0    ; 0            ; |CORDIC_SINCOS|ALU:inst27|ADDER16bit:inst|ADDER:inst13                                  ; work         ;
;          |ADDER:inst14|                   ; 1 (1)             ; 0 (0)        ; 0           ; 0            ; 0       ; 0         ; 0    ; 0            ; |CORDIC_SINCOS|ALU:inst27|ADDER16bit:inst|ADDER:inst14                                  ; work         ;
;          |ADDER:inst15|                   ; 1 (1)             ; 0 (0)        ; 0           ; 0            ; 0       ; 0         ; 0    ; 0            ; |CORDIC_SINCOS|ALU:inst27|ADDER16bit:inst|ADDER:inst15                                  ; work         ;
;          |ADDER:inst16|                   ; 1 (1)             ; 0 (0)        ; 0           ; 0            ; 0       ; 0         ; 0    ; 0            ; |CORDIC_SINCOS|ALU:inst27|ADDER16bit:inst|ADDER:inst16                                  ; work         ;
;          |ADDER:inst17|                   ; 1 (1)             ; 0 (0)        ; 0           ; 0            ; 0       ; 0         ; 0    ; 0            ; |CORDIC_SINCOS|ALU:inst27|ADDER16bit:inst|ADDER:inst17                                  ; work         ;
;          |ADDER:inst18|                   ; 1 (1)             ; 0 (0)        ; 0           ; 0            ; 0       ; 0         ; 0    ; 0            ; |CORDIC_SINCOS|ALU:inst27|ADDER16bit:inst|ADDER:inst18                                  ; work         ;
;          |ADDER:inst1|                    ; 1 (1)             ; 0 (0)        ; 0           ; 0            ; 0       ; 0         ; 0    ; 0            ; |CORDIC_SINCOS|ALU:inst27|ADDER16bit:inst|ADDER:inst1                                   ; work         ;
;          |ADDER:inst20|                   ; 1 (1)             ; 0 (0)        ; 0           ; 0            ; 0       ; 0         ; 0    ; 0            ; |CORDIC_SINCOS|ALU:inst27|ADDER16bit:inst|ADDER:inst20                                  ; work         ;
;          |ADDER:inst21|                   ; 1 (1)             ; 0 (0)        ; 0           ; 0            ; 0       ; 0         ; 0    ; 0            ; |CORDIC_SINCOS|ALU:inst27|ADDER16bit:inst|ADDER:inst21                                  ; work         ;
;          |ADDER:inst22|                   ; 1 (1)             ; 0 (0)        ; 0           ; 0            ; 0       ; 0         ; 0    ; 0            ; |CORDIC_SINCOS|ALU:inst27|ADDER16bit:inst|ADDER:inst22                                  ; work         ;
;          |ADDER:inst|                     ; 1 (1)             ; 0 (0)        ; 0           ; 0            ; 0       ; 0         ; 0    ; 0            ; |CORDIC_SINCOS|ALU:inst27|ADDER16bit:inst|ADDER:inst                                    ; work         ;
;       |MUX16_41:inst2|                    ; 17 (0)            ; 0 (0)        ; 0           ; 0            ; 0       ; 0         ; 0    ; 0            ; |CORDIC_SINCOS|ALU:inst27|MUX16_41:inst2                                                ; work         ;
;          |MUX16_21:inst|                  ; 17 (17)           ; 0 (0)        ; 0           ; 0            ; 0       ; 0         ; 0    ; 0            ; |CORDIC_SINCOS|ALU:inst27|MUX16_41:inst2|MUX16_21:inst                                  ; work         ;
;       |SUB16bit:inst1|                    ; 31 (0)            ; 0 (0)        ; 0           ; 0            ; 0       ; 0         ; 0    ; 0            ; |CORDIC_SINCOS|ALU:inst27|SUB16bit:inst1                                                ; work         ;
;          |ADDER16bit:inst|                ; 31 (0)            ; 0 (0)        ; 0           ; 0            ; 0       ; 0         ; 0    ; 0            ; |CORDIC_SINCOS|ALU:inst27|SUB16bit:inst1|ADDER16bit:inst                                ; work         ;
;             |ADDER:inst10|                ; 1 (1)             ; 0 (0)        ; 0           ; 0            ; 0       ; 0         ; 0    ; 0            ; |CORDIC_SINCOS|ALU:inst27|SUB16bit:inst1|ADDER16bit:inst|ADDER:inst10                   ; work         ;
;             |ADDER:inst11|                ; 2 (2)             ; 0 (0)        ; 0           ; 0            ; 0       ; 0         ; 0    ; 0            ; |CORDIC_SINCOS|ALU:inst27|SUB16bit:inst1|ADDER16bit:inst|ADDER:inst11                   ; work         ;
;             |ADDER:inst12|                ; 2 (2)             ; 0 (0)        ; 0           ; 0            ; 0       ; 0         ; 0    ; 0            ; |CORDIC_SINCOS|ALU:inst27|SUB16bit:inst1|ADDER16bit:inst|ADDER:inst12                   ; work         ;
;             |ADDER:inst13|                ; 2 (2)             ; 0 (0)        ; 0           ; 0            ; 0       ; 0         ; 0    ; 0            ; |CORDIC_SINCOS|ALU:inst27|SUB16bit:inst1|ADDER16bit:inst|ADDER:inst13                   ; work         ;
;             |ADDER:inst14|                ; 2 (2)             ; 0 (0)        ; 0           ; 0            ; 0       ; 0         ; 0    ; 0            ; |CORDIC_SINCOS|ALU:inst27|SUB16bit:inst1|ADDER16bit:inst|ADDER:inst14                   ; work         ;
;             |ADDER:inst15|                ; 2 (2)             ; 0 (0)        ; 0           ; 0            ; 0       ; 0         ; 0    ; 0            ; |CORDIC_SINCOS|ALU:inst27|SUB16bit:inst1|ADDER16bit:inst|ADDER:inst15                   ; work         ;
;             |ADDER:inst16|                ; 2 (2)             ; 0 (0)        ; 0           ; 0            ; 0       ; 0         ; 0    ; 0            ; |CORDIC_SINCOS|ALU:inst27|SUB16bit:inst1|ADDER16bit:inst|ADDER:inst16                   ; work         ;
;             |ADDER:inst17|                ; 2 (2)             ; 0 (0)        ; 0           ; 0            ; 0       ; 0         ; 0    ; 0            ; |CORDIC_SINCOS|ALU:inst27|SUB16bit:inst1|ADDER16bit:inst|ADDER:inst17                   ; work         ;
;             |ADDER:inst18|                ; 2 (2)             ; 0 (0)        ; 0           ; 0            ; 0       ; 0         ; 0    ; 0            ; |CORDIC_SINCOS|ALU:inst27|SUB16bit:inst1|ADDER16bit:inst|ADDER:inst18                   ; work         ;
;             |ADDER:inst19|                ; 2 (2)             ; 0 (0)        ; 0           ; 0            ; 0       ; 0         ; 0    ; 0            ; |CORDIC_SINCOS|ALU:inst27|SUB16bit:inst1|ADDER16bit:inst|ADDER:inst19                   ; work         ;
;             |ADDER:inst1|                 ; 2 (2)             ; 0 (0)        ; 0           ; 0            ; 0       ; 0         ; 0    ; 0            ; |CORDIC_SINCOS|ALU:inst27|SUB16bit:inst1|ADDER16bit:inst|ADDER:inst1                    ; work         ;
;             |ADDER:inst20|                ; 4 (4)             ; 0 (0)        ; 0           ; 0            ; 0       ; 0         ; 0    ; 0            ; |CORDIC_SINCOS|ALU:inst27|SUB16bit:inst1|ADDER16bit:inst|ADDER:inst20                   ; work         ;
;             |ADDER:inst21|                ; 2 (2)             ; 0 (0)        ; 0           ; 0            ; 0       ; 0         ; 0    ; 0            ; |CORDIC_SINCOS|ALU:inst27|SUB16bit:inst1|ADDER16bit:inst|ADDER:inst21                   ; work         ;
;             |ADDER:inst22|                ; 1 (1)             ; 0 (0)        ; 0           ; 0            ; 0       ; 0         ; 0    ; 0            ; |CORDIC_SINCOS|ALU:inst27|SUB16bit:inst1|ADDER16bit:inst|ADDER:inst22                   ; work         ;
;             |ADDER:inst9|                 ; 1 (1)             ; 0 (0)        ; 0           ; 0            ; 0       ; 0         ; 0    ; 0            ; |CORDIC_SINCOS|ALU:inst27|SUB16bit:inst1|ADDER16bit:inst|ADDER:inst9                    ; work         ;
;             |ADDER:inst|                  ; 2 (2)             ; 0 (0)        ; 0           ; 0            ; 0       ; 0         ; 0    ; 0            ; |CORDIC_SINCOS|ALU:inst27|SUB16bit:inst1|ADDER16bit:inst|ADDER:inst                     ; work         ;
;    |ALU:inst|                             ; 44 (0)            ; 0 (0)        ; 0           ; 0            ; 0       ; 0         ; 0    ; 0            ; |CORDIC_SINCOS|ALU:inst                                                                 ; work         ;
;       |ADDER16bit:inst|                   ; 28 (0)            ; 0 (0)        ; 0           ; 0            ; 0       ; 0         ; 0    ; 0            ; |CORDIC_SINCOS|ALU:inst|ADDER16bit:inst                                                 ; work         ;
;          |ADDER:inst10|                   ; 2 (2)             ; 0 (0)        ; 0           ; 0            ; 0       ; 0         ; 0    ; 0            ; |CORDIC_SINCOS|ALU:inst|ADDER16bit:inst|ADDER:inst10                                    ; work         ;
;          |ADDER:inst11|                   ; 1 (1)             ; 0 (0)        ; 0           ; 0            ; 0       ; 0         ; 0    ; 0            ; |CORDIC_SINCOS|ALU:inst|ADDER16bit:inst|ADDER:inst11                                    ; work         ;
;          |ADDER:inst12|                   ; 3 (3)             ; 0 (0)        ; 0           ; 0            ; 0       ; 0         ; 0    ; 0            ; |CORDIC_SINCOS|ALU:inst|ADDER16bit:inst|ADDER:inst12                                    ; work         ;
;          |ADDER:inst13|                   ; 1 (1)             ; 0 (0)        ; 0           ; 0            ; 0       ; 0         ; 0    ; 0            ; |CORDIC_SINCOS|ALU:inst|ADDER16bit:inst|ADDER:inst13                                    ; work         ;
;          |ADDER:inst14|                   ; 3 (3)             ; 0 (0)        ; 0           ; 0            ; 0       ; 0         ; 0    ; 0            ; |CORDIC_SINCOS|ALU:inst|ADDER16bit:inst|ADDER:inst14                                    ; work         ;
;          |ADDER:inst15|                   ; 1 (1)             ; 0 (0)        ; 0           ; 0            ; 0       ; 0         ; 0    ; 0            ; |CORDIC_SINCOS|ALU:inst|ADDER16bit:inst|ADDER:inst15                                    ; work         ;
;          |ADDER:inst16|                   ; 1 (1)             ; 0 (0)        ; 0           ; 0            ; 0       ; 0         ; 0    ; 0            ; |CORDIC_SINCOS|ALU:inst|ADDER16bit:inst|ADDER:inst16                                    ; work         ;
;          |ADDER:inst17|                   ; 4 (4)             ; 0 (0)        ; 0           ; 0            ; 0       ; 0         ; 0    ; 0            ; |CORDIC_SINCOS|ALU:inst|ADDER16bit:inst|ADDER:inst17                                    ; work         ;
;          |ADDER:inst18|                   ; 2 (2)             ; 0 (0)        ; 0           ; 0            ; 0       ; 0         ; 0    ; 0            ; |CORDIC_SINCOS|ALU:inst|ADDER16bit:inst|ADDER:inst18                                    ; work         ;
;          |ADDER:inst1|                    ; 3 (3)             ; 0 (0)        ; 0           ; 0            ; 0       ; 0         ; 0    ; 0            ; |CORDIC_SINCOS|ALU:inst|ADDER16bit:inst|ADDER:inst1                                     ; work         ;
;          |ADDER:inst20|                   ; 3 (3)             ; 0 (0)        ; 0           ; 0            ; 0       ; 0         ; 0    ; 0            ; |CORDIC_SINCOS|ALU:inst|ADDER16bit:inst|ADDER:inst20                                    ; work         ;
;          |ADDER:inst21|                   ; 1 (1)             ; 0 (0)        ; 0           ; 0            ; 0       ; 0         ; 0    ; 0            ; |CORDIC_SINCOS|ALU:inst|ADDER16bit:inst|ADDER:inst21                                    ; work         ;
;          |ADDER:inst|                     ; 3 (3)             ; 0 (0)        ; 0           ; 0            ; 0       ; 0         ; 0    ; 0            ; |CORDIC_SINCOS|ALU:inst|ADDER16bit:inst|ADDER:inst                                      ; work         ;
;       |MUX16_41:inst2|                    ; 3 (0)             ; 0 (0)        ; 0           ; 0            ; 0       ; 0         ; 0    ; 0            ; |CORDIC_SINCOS|ALU:inst|MUX16_41:inst2                                                  ; work         ;
;          |MUX16_21:inst|                  ; 3 (3)             ; 0 (0)        ; 0           ; 0            ; 0       ; 0         ; 0    ; 0            ; |CORDIC_SINCOS|ALU:inst|MUX16_41:inst2|MUX16_21:inst                                    ; work         ;
;       |SUB16bit:inst1|                    ; 13 (0)            ; 0 (0)        ; 0           ; 0            ; 0       ; 0         ; 0    ; 0            ; |CORDIC_SINCOS|ALU:inst|SUB16bit:inst1                                                  ; work         ;
;          |ADDER16bit:inst|                ; 13 (0)            ; 0 (0)        ; 0           ; 0            ; 0       ; 0         ; 0    ; 0            ; |CORDIC_SINCOS|ALU:inst|SUB16bit:inst1|ADDER16bit:inst                                  ; work         ;
;             |ADDER:inst10|                ; 1 (1)             ; 0 (0)        ; 0           ; 0            ; 0       ; 0         ; 0    ; 0            ; |CORDIC_SINCOS|ALU:inst|SUB16bit:inst1|ADDER16bit:inst|ADDER:inst10                     ; work         ;
;             |ADDER:inst11|                ; 1 (1)             ; 0 (0)        ; 0           ; 0            ; 0       ; 0         ; 0    ; 0            ; |CORDIC_SINCOS|ALU:inst|SUB16bit:inst1|ADDER16bit:inst|ADDER:inst11                     ; work         ;
;             |ADDER:inst12|                ; 1 (1)             ; 0 (0)        ; 0           ; 0            ; 0       ; 0         ; 0    ; 0            ; |CORDIC_SINCOS|ALU:inst|SUB16bit:inst1|ADDER16bit:inst|ADDER:inst12                     ; work         ;
;             |ADDER:inst13|                ; 1 (1)             ; 0 (0)        ; 0           ; 0            ; 0       ; 0         ; 0    ; 0            ; |CORDIC_SINCOS|ALU:inst|SUB16bit:inst1|ADDER16bit:inst|ADDER:inst13                     ; work         ;
;             |ADDER:inst14|                ; 1 (1)             ; 0 (0)        ; 0           ; 0            ; 0       ; 0         ; 0    ; 0            ; |CORDIC_SINCOS|ALU:inst|SUB16bit:inst1|ADDER16bit:inst|ADDER:inst14                     ; work         ;
;             |ADDER:inst15|                ; 1 (1)             ; 0 (0)        ; 0           ; 0            ; 0       ; 0         ; 0    ; 0            ; |CORDIC_SINCOS|ALU:inst|SUB16bit:inst1|ADDER16bit:inst|ADDER:inst15                     ; work         ;
;             |ADDER:inst16|                ; 1 (1)             ; 0 (0)        ; 0           ; 0            ; 0       ; 0         ; 0    ; 0            ; |CORDIC_SINCOS|ALU:inst|SUB16bit:inst1|ADDER16bit:inst|ADDER:inst16                     ; work         ;
;             |ADDER:inst17|                ; 1 (1)             ; 0 (0)        ; 0           ; 0            ; 0       ; 0         ; 0    ; 0            ; |CORDIC_SINCOS|ALU:inst|SUB16bit:inst1|ADDER16bit:inst|ADDER:inst17                     ; work         ;
;             |ADDER:inst18|                ; 1 (1)             ; 0 (0)        ; 0           ; 0            ; 0       ; 0         ; 0    ; 0            ; |CORDIC_SINCOS|ALU:inst|SUB16bit:inst1|ADDER16bit:inst|ADDER:inst18                     ; work         ;
;             |ADDER:inst1|                 ; 1 (1)             ; 0 (0)        ; 0           ; 0            ; 0       ; 0         ; 0    ; 0            ; |CORDIC_SINCOS|ALU:inst|SUB16bit:inst1|ADDER16bit:inst|ADDER:inst1                      ; work         ;
;             |ADDER:inst20|                ; 1 (1)             ; 0 (0)        ; 0           ; 0            ; 0       ; 0         ; 0    ; 0            ; |CORDIC_SINCOS|ALU:inst|SUB16bit:inst1|ADDER16bit:inst|ADDER:inst20                     ; work         ;
;             |ADDER:inst21|                ; 1 (1)             ; 0 (0)        ; 0           ; 0            ; 0       ; 0         ; 0    ; 0            ; |CORDIC_SINCOS|ALU:inst|SUB16bit:inst1|ADDER16bit:inst|ADDER:inst21                     ; work         ;
;             |ADDER:inst|                  ; 1 (1)             ; 0 (0)        ; 0           ; 0            ; 0       ; 0         ; 0    ; 0            ; |CORDIC_SINCOS|ALU:inst|SUB16bit:inst1|ADDER16bit:inst|ADDER:inst                       ; work         ;
;    |ATAN_LUT_ASYNC:inst40|                ; 15 (15)           ; 0 (0)        ; 0           ; 0            ; 0       ; 0         ; 0    ; 0            ; |CORDIC_SINCOS|ATAN_LUT_ASYNC:inst40                                                    ; work         ;
;    |BARREL_SHIFTER:inst35|                ; 57 (0)            ; 0 (0)        ; 0           ; 0            ; 0       ; 0         ; 0    ; 0            ; |CORDIC_SINCOS|BARREL_SHIFTER:inst35                                                    ; work         ;
;       |SHIFTER_STAGE0:inst|               ; 3 (0)             ; 0 (0)        ; 0           ; 0            ; 0       ; 0         ; 0    ; 0            ; |CORDIC_SINCOS|BARREL_SHIFTER:inst35|SHIFTER_STAGE0:inst                                ; work         ;
;          |MUX16_21:inst1|                 ; 3 (3)             ; 0 (0)        ; 0           ; 0            ; 0       ; 0         ; 0    ; 0            ; |CORDIC_SINCOS|BARREL_SHIFTER:inst35|SHIFTER_STAGE0:inst|MUX16_21:inst1                 ; work         ;
;       |SHIFTER_STAGE1:inst1|              ; 16 (0)            ; 0 (0)        ; 0           ; 0            ; 0       ; 0         ; 0    ; 0            ; |CORDIC_SINCOS|BARREL_SHIFTER:inst35|SHIFTER_STAGE1:inst1                               ; work         ;
;          |MUX16_21:inst1|                 ; 16 (16)           ; 0 (0)        ; 0           ; 0            ; 0       ; 0         ; 0    ; 0            ; |CORDIC_SINCOS|BARREL_SHIFTER:inst35|SHIFTER_STAGE1:inst1|MUX16_21:inst1                ; work         ;
;       |SHIFTER_STAGE2:inst2|              ; 4 (0)             ; 0 (0)        ; 0           ; 0            ; 0       ; 0         ; 0    ; 0            ; |CORDIC_SINCOS|BARREL_SHIFTER:inst35|SHIFTER_STAGE2:inst2                               ; work         ;
;          |MUX16_21:inst1|                 ; 4 (4)             ; 0 (0)        ; 0           ; 0            ; 0       ; 0         ; 0    ; 0            ; |CORDIC_SINCOS|BARREL_SHIFTER:inst35|SHIFTER_STAGE2:inst2|MUX16_21:inst1                ; work         ;
;       |SHIFTER_STAGE3:inst3|              ; 34 (0)            ; 0 (0)        ; 0           ; 0            ; 0       ; 0         ; 0    ; 0            ; |CORDIC_SINCOS|BARREL_SHIFTER:inst35|SHIFTER_STAGE3:inst3                               ; work         ;
;          |MUX16_21:inst1|                 ; 34 (34)           ; 0 (0)        ; 0           ; 0            ; 0       ; 0         ; 0    ; 0            ; |CORDIC_SINCOS|BARREL_SHIFTER:inst35|SHIFTER_STAGE3:inst3|MUX16_21:inst1                ; work         ;
;    |BARREL_SHIFTER:inst36|                ; 57 (0)            ; 0 (0)        ; 0           ; 0            ; 0       ; 0         ; 0    ; 0            ; |CORDIC_SINCOS|BARREL_SHIFTER:inst36                                                    ; work         ;
;       |SHIFTER_STAGE0:inst|               ; 3 (0)             ; 0 (0)        ; 0           ; 0            ; 0       ; 0         ; 0    ; 0            ; |CORDIC_SINCOS|BARREL_SHIFTER:inst36|SHIFTER_STAGE0:inst                                ; work         ;
;          |MUX16_21:inst1|                 ; 3 (3)             ; 0 (0)        ; 0           ; 0            ; 0       ; 0         ; 0    ; 0            ; |CORDIC_SINCOS|BARREL_SHIFTER:inst36|SHIFTER_STAGE0:inst|MUX16_21:inst1                 ; work         ;
;       |SHIFTER_STAGE1:inst1|              ; 16 (0)            ; 0 (0)        ; 0           ; 0            ; 0       ; 0         ; 0    ; 0            ; |CORDIC_SINCOS|BARREL_SHIFTER:inst36|SHIFTER_STAGE1:inst1                               ; work         ;
;          |MUX16_21:inst1|                 ; 16 (16)           ; 0 (0)        ; 0           ; 0            ; 0       ; 0         ; 0    ; 0            ; |CORDIC_SINCOS|BARREL_SHIFTER:inst36|SHIFTER_STAGE1:inst1|MUX16_21:inst1                ; work         ;
;       |SHIFTER_STAGE2:inst2|              ; 4 (0)             ; 0 (0)        ; 0           ; 0            ; 0       ; 0         ; 0    ; 0            ; |CORDIC_SINCOS|BARREL_SHIFTER:inst36|SHIFTER_STAGE2:inst2                               ; work         ;
;          |MUX16_21:inst1|                 ; 4 (4)             ; 0 (0)        ; 0           ; 0            ; 0       ; 0         ; 0    ; 0            ; |CORDIC_SINCOS|BARREL_SHIFTER:inst36|SHIFTER_STAGE2:inst2|MUX16_21:inst1                ; work         ;
;       |SHIFTER_STAGE3:inst3|              ; 34 (0)            ; 0 (0)        ; 0           ; 0            ; 0       ; 0         ; 0    ; 0            ; |CORDIC_SINCOS|BARREL_SHIFTER:inst36|SHIFTER_STAGE3:inst3                               ; work         ;
;          |MUX16_21:inst1|                 ; 34 (34)           ; 0 (0)        ; 0           ; 0            ; 0       ; 0         ; 0    ; 0            ; |CORDIC_SINCOS|BARREL_SHIFTER:inst36|SHIFTER_STAGE3:inst3|MUX16_21:inst1                ; work         ;
;    |CNT_4BIT:inst3|                       ; 5 (0)             ; 4 (0)        ; 0           ; 0            ; 0       ; 0         ; 0    ; 0            ; |CORDIC_SINCOS|CNT_4BIT:inst3                                                           ; work         ;
;       |lpm_counter:LPM_COUNTER_component| ; 5 (0)             ; 4 (0)        ; 0           ; 0            ; 0       ; 0         ; 0    ; 0            ; |CORDIC_SINCOS|CNT_4BIT:inst3|lpm_counter:LPM_COUNTER_component                         ; work         ;
;          |cntr_3oi:auto_generated|        ; 5 (5)             ; 4 (4)        ; 0           ; 0            ; 0       ; 0         ; 0    ; 0            ; |CORDIC_SINCOS|CNT_4BIT:inst3|lpm_counter:LPM_COUNTER_component|cntr_3oi:auto_generated ; work         ;
;    |MUX16_21:inst17|                      ; 14 (14)           ; 0 (0)        ; 0           ; 0            ; 0       ; 0         ; 0    ; 0            ; |CORDIC_SINCOS|MUX16_21:inst17                                                          ; work         ;
;    |MUX16_21:inst18|                      ; 17 (17)           ; 0 (0)        ; 0           ; 0            ; 0       ; 0         ; 0    ; 0            ; |CORDIC_SINCOS|MUX16_21:inst18                                                          ; work         ;
;    |MUX16_21:inst20|                      ; 1 (1)             ; 0 (0)        ; 0           ; 0            ; 0       ; 0         ; 0    ; 0            ; |CORDIC_SINCOS|MUX16_21:inst20                                                          ; work         ;
;    |lpm_ff:REG_X_INST|                    ; 0 (0)             ; 16 (16)      ; 0           ; 0            ; 0       ; 0         ; 0    ; 0            ; |CORDIC_SINCOS|lpm_ff:REG_X_INST                                                        ; work         ;
;    |lpm_ff:REG_Y_INST|                    ; 0 (0)             ; 16 (16)      ; 0           ; 0            ; 0       ; 0         ; 0    ; 0            ; |CORDIC_SINCOS|lpm_ff:REG_Y_INST                                                        ; work         ;
;    |lpm_ff:inst13|                        ; 0 (0)             ; 16 (16)      ; 0           ; 0            ; 0       ; 0         ; 0    ; 0            ; |CORDIC_SINCOS|lpm_ff:inst13                                                            ; work         ;
+-------------------------------------------+-------------------+--------------+-------------+--------------+---------+-----------+------+--------------+-----------------------------------------------------------------------------------------+--------------+
Note: For table entries with two numbers listed, the numbers in parentheses indicate the number of resources of the given type used by the specific entity alone. The numbers listed outside of parentheses indicate the total resources of the given type used by the specific entity and all of its sub-entities in the hierarchy.


+-------------------------------------------------------------------------------------------------------------------------------------------------+
; Analysis & Synthesis IP Cores Summary                                                                                                           ;
+--------+--------------+---------+--------------+--------------+-------------------------------+-------------------------------------------------+
; Vendor ; IP Core Name ; Version ; Release Date ; License Type ; Entity Instance               ; IP Include File                                 ;
+--------+--------------+---------+--------------+--------------+-------------------------------+-------------------------------------------------+
; Altera ; LPM_COUNTER  ; N/A     ; N/A          ; N/A          ; |CORDIC_SINCOS|CNT_4BIT:inst3 ; C:/Users/ADMIN/Documents/LLS/Project/cnt_4bit.v ;
; Altera ; LPM_CONSTANT ; N/A     ; N/A          ; N/A          ; |CORDIC_SINCOS|CONST_K:inst7  ; C:/Users/ADMIN/Documents/LLS/Project/const_k.v  ;
+--------+--------------+---------+--------------+--------------+-------------------------------+-------------------------------------------------+


+------------------------------------------------------+
; General Register Statistics                          ;
+----------------------------------------------+-------+
; Statistic                                    ; Value ;
+----------------------------------------------+-------+
; Total registers                              ; 53    ;
; Number of registers using Synchronous Clear  ; 22    ;
; Number of registers using Synchronous Load   ; 20    ;
; Number of registers using Asynchronous Clear ; 0     ;
; Number of registers using Asynchronous Load  ; 0     ;
; Number of registers using Clock Enable       ; 4     ;
; Number of registers using Preset             ; 0     ;
+----------------------------------------------+-------+


+-------------------------------------------------------------------------------------------------------------------------------------------------------------------------------------------------+
; Multiplexer Restructuring Statistics (Restructuring Performed)                                                                                                                                  ;
+--------------------+-----------+---------------+----------------------+------------------------+------------+-----------------------------------------------------------------------------------+
; Multiplexer Inputs ; Bus Width ; Baseline Area ; Area if Restructured ; Saving if Restructured ; Registered ; Example Multiplexer Output                                                        ;
+--------------------+-----------+---------------+----------------------+------------------------+------------+-----------------------------------------------------------------------------------+
; 3:1                ; 13 bits   ; 26 LEs        ; 26 LEs               ; 0 LEs                  ; Yes        ; |CORDIC_SINCOS|lpm_ff:inst13|dffs[10]                                             ;
; 3:1                ; 4 bits    ; 8 LEs         ; 8 LEs                ; 0 LEs                  ; No         ; |CORDIC_SINCOS|BARREL_SHIFTER:inst36|SHIFTER_STAGE2:inst2|MUX16_21:inst1|inst4[2] ;
; 5:1                ; 4 bits    ; 12 LEs        ; 12 LEs               ; 0 LEs                  ; No         ; |CORDIC_SINCOS|BARREL_SHIFTER:inst36|SHIFTER_STAGE3:inst3|MUX16_21:inst1|inst4[1] ;
+--------------------+-----------+---------------+----------------------+------------------------+------------+-----------------------------------------------------------------------------------+


+-----------------------------------------------------------------------------------------------+
; Parameter Settings for User Entity Instance: CNT_4BIT:inst3|lpm_counter:LPM_COUNTER_component ;
+------------------------+-------------+--------------------------------------------------------+
; Parameter Name         ; Value       ; Type                                                   ;
+------------------------+-------------+--------------------------------------------------------+
; AUTO_CARRY_CHAINS      ; ON          ; AUTO_CARRY                                             ;
; IGNORE_CARRY_BUFFERS   ; OFF         ; IGNORE_CARRY                                           ;
; AUTO_CASCADE_CHAINS    ; ON          ; AUTO_CASCADE                                           ;
; IGNORE_CASCADE_BUFFERS ; OFF         ; IGNORE_CASCADE                                         ;
; LPM_WIDTH              ; 4           ; Signed Integer                                         ;
; LPM_DIRECTION          ; UP          ; Untyped                                                ;
; LPM_MODULUS            ; 0           ; Untyped                                                ;
; LPM_AVALUE             ; UNUSED      ; Untyped                                                ;
; LPM_SVALUE             ; UNUSED      ; Untyped                                                ;
; LPM_PORT_UPDOWN        ; PORT_UNUSED ; Untyped                                                ;
; DEVICE_FAMILY          ; Cyclone II  ; Untyped                                                ;
; CARRY_CHAIN            ; MANUAL      ; Untyped                                                ;
; CARRY_CHAIN_LENGTH     ; 48          ; CARRY_CHAIN_LENGTH                                     ;
; NOT_GATE_PUSH_BACK     ; ON          ; NOT_GATE_PUSH_BACK                                     ;
; CARRY_CNT_EN           ; SMART       ; Untyped                                                ;
; LABWIDE_SCLR           ; ON          ; Untyped                                                ;
; USE_NEW_VERSION        ; TRUE        ; Untyped                                                ;
; CBXI_PARAMETER         ; cntr_3oi    ; Untyped                                                ;
+------------------------+-------------+--------------------------------------------------------+
Note: In order to hide this table in the UI and the text report file, please set the "Show Parameter Settings in Synthesis Report" option in "Analysis and Synthesis Settings -> More Settings" to "Off".


+----------------------------------------------------------------+
; Parameter Settings for User Entity Instance: LPM_FF:REG_X_INST ;
+------------------------+------------+--------------------------+
; Parameter Name         ; Value      ; Type                     ;
+------------------------+------------+--------------------------+
; LPM_WIDTH              ; 16         ; Untyped                  ;
; LPM_AVALUE             ; UNUSED     ; Untyped                  ;
; LPM_SVALUE             ; UNUSED     ; Untyped                  ;
; LPM_FFTYPE             ; DFF        ; Untyped                  ;
; DEVICE_FAMILY          ; Cyclone II ; Untyped                  ;
; CBXI_PARAMETER         ; NOTHING    ; Untyped                  ;
; AUTO_CARRY_CHAINS      ; ON         ; AUTO_CARRY               ;
; IGNORE_CARRY_BUFFERS   ; OFF        ; IGNORE_CARRY             ;
; AUTO_CASCADE_CHAINS    ; ON         ; AUTO_CASCADE             ;
; IGNORE_CASCADE_BUFFERS ; OFF        ; IGNORE_CASCADE           ;
+------------------------+------------+--------------------------+
Note: In order to hide this table in the UI and the text report file, please set the "Show Parameter Settings in Synthesis Report" option in "Analysis and Synthesis Settings -> More Settings" to "Off".


+------------------------------------------------------------+
; Parameter Settings for User Entity Instance: LPM_FF:inst13 ;
+------------------------+------------+----------------------+
; Parameter Name         ; Value      ; Type                 ;
+------------------------+------------+----------------------+
; LPM_WIDTH              ; 16         ; Untyped              ;
; LPM_AVALUE             ; UNUSED     ; Untyped              ;
; LPM_SVALUE             ; UNUSED     ; Untyped              ;
; LPM_FFTYPE             ; DFF        ; Untyped              ;
; DEVICE_FAMILY          ; Cyclone II ; Untyped              ;
; CBXI_PARAMETER         ; NOTHING    ; Untyped              ;
; AUTO_CARRY_CHAINS      ; ON         ; AUTO_CARRY           ;
; IGNORE_CARRY_BUFFERS   ; OFF        ; IGNORE_CARRY         ;
; AUTO_CASCADE_CHAINS    ; ON         ; AUTO_CASCADE         ;
; IGNORE_CASCADE_BUFFERS ; OFF        ; IGNORE_CASCADE       ;
+------------------------+------------+----------------------+
Note: In order to hide this table in the UI and the text report file, please set the "Show Parameter Settings in Synthesis Report" option in "Analysis and Synthesis Settings -> More Settings" to "Off".


+----------------------------------------------------------------+
; Parameter Settings for User Entity Instance: LPM_FF:REG_Y_INST ;
+------------------------+------------+--------------------------+
; Parameter Name         ; Value      ; Type                     ;
+------------------------+------------+--------------------------+
; LPM_WIDTH              ; 16         ; Untyped                  ;
; LPM_AVALUE             ; UNUSED     ; Untyped                  ;
; LPM_SVALUE             ; UNUSED     ; Untyped                  ;
; LPM_FFTYPE             ; DFF        ; Untyped                  ;
; DEVICE_FAMILY          ; Cyclone II ; Untyped                  ;
; CBXI_PARAMETER         ; NOTHING    ; Untyped                  ;
; AUTO_CARRY_CHAINS      ; ON         ; AUTO_CARRY               ;
; IGNORE_CARRY_BUFFERS   ; OFF        ; IGNORE_CARRY             ;
; AUTO_CASCADE_CHAINS    ; ON         ; AUTO_CASCADE             ;
; IGNORE_CASCADE_BUFFERS ; OFF        ; IGNORE_CASCADE           ;
+------------------------+------------+--------------------------+
Note: In order to hide this table in the UI and the text report file, please set the "Show Parameter Settings in Synthesis Report" option in "Analysis and Synthesis Settings -> More Settings" to "Off".


+------------------------------------------------------------------------------------------------+
; Parameter Settings for User Entity Instance: CONST_K:inst7|lpm_constant:LPM_CONSTANT_component ;
+--------------------+------------------+--------------------------------------------------------+
; Parameter Name     ; Value            ; Type                                                   ;
+--------------------+------------------+--------------------------------------------------------+
; LPM_WIDTH          ; 16               ; Signed Integer                                         ;
; LPM_CVALUE         ; 9949             ; Signed Integer                                         ;
; ENABLE_RUNTIME_MOD ; NO               ; Untyped                                                ;
; CBXI_PARAMETER     ; lpm_constant_pn6 ; Untyped                                                ;
+--------------------+------------------+--------------------------------------------------------+
Note: In order to hide this table in the UI and the text report file, please set the "Show Parameter Settings in Synthesis Report" option in "Analysis and Synthesis Settings -> More Settings" to "Off".


+-------------------------------+
; Elapsed Time Per Partition    ;
+----------------+--------------+
; Partition Name ; Elapsed Time ;
+----------------+--------------+
; Top            ; 00:00:00     ;
+----------------+--------------+


+-------------------------------+
; Analysis & Synthesis Messages ;
+-------------------------------+
Info: *******************************************************************
Info: Running Quartus II 64-Bit Analysis & Synthesis
    Info: Version 13.0.1 Build 232 06/12/2013 Service Pack 1 SJ Web Edition
    Info: Processing started: Tue Dec 02 22:01:14 2025
Info: Command: quartus_map --read_settings_files=on --write_settings_files=off CORDIC_SINCOS -c CORDIC_SINCOS
Warning (20028): Parallel compilation is not licensed and has been disabled
Info (12021): Found 1 design units, including 1 entities, in source file adder.bdf
    Info (12023): Found entity 1: ADDER
Info (12021): Found 1 design units, including 1 entities, in source file adder16bit.bdf
    Info (12023): Found entity 1: ADDER16bit
Info (12021): Found 1 design units, including 1 entities, in source file sub16bit.bdf
    Info (12023): Found entity 1: SUB16bit
Info (12021): Found 1 design units, including 1 entities, in source file mux16_21.bdf
    Info (12023): Found entity 1: MUX16_21
Info (12021): Found 1 design units, including 1 entities, in source file mux16_41.bdf
    Info (12023): Found entity 1: MUX16_41
Info (12021): Found 1 design units, including 1 entities, in source file alu.bdf
    Info (12023): Found entity 1: ALU
Info (12021): Found 1 design units, including 1 entities, in source file asr1.bdf
    Info (12023): Found entity 1: ASR1
Info (12021): Found 1 design units, including 1 entities, in source file shifter_stage0.bdf
    Info (12023): Found entity 1: SHIFTER_STAGE0
Info (12021): Found 1 design units, including 1 entities, in source file shifter_stage1.bdf
    Info (12023): Found entity 1: SHIFTER_STAGE1
Info (12021): Found 1 design units, including 1 entities, in source file shifter_stage2.bdf
    Info (12023): Found entity 1: SHIFTER_STAGE2
Info (12021): Found 1 design units, including 1 entities, in source file shifter_stage3.bdf
    Info (12023): Found entity 1: SHIFTER_STAGE3
Info (12021): Found 1 design units, including 1 entities, in source file barrel_shifter.bdf
    Info (12023): Found entity 1: BARREL_SHIFTER
Info (12021): Found 1 design units, including 1 entities, in source file rfc.bdf
    Info (12023): Found entity 1: RFC
Info (12021): Found 1 design units, including 1 entities, in source file rf88.bdf
    Info (12023): Found entity 1: RF88
Info (12021): Found 1 design units, including 1 entities, in source file rf816.bdf
    Info (12023): Found entity 1: RF816
Info (12021): Found 1 design units, including 1 entities, in source file adder4bit.bdf
    Info (12023): Found entity 1: ADDER4bit
Info (12021): Found 1 design units, including 1 entities, in source file cordic_sincos.bdf
    Info (12023): Found entity 1: CORDIC_SINCOS
Info (12021): Found 1 design units, including 1 entities, in source file atan_lut_async.v
    Info (12023): Found entity 1: ATAN_LUT_ASYNC
Info (12127): Elaborating entity "CORDIC_SINCOS" for the top level hierarchy
Warning (12125): Using design file cnt_4bit.v, which is not specified as a design file for the current project, but contains definitions for 1 design units and 1 entities in project
    Info (12023): Found entity 1: CNT_4BIT
Info (12128): Elaborating entity "CNT_4BIT" for hierarchy "CNT_4BIT:inst3"
Info (12128): Elaborating entity "lpm_counter" for hierarchy "CNT_4BIT:inst3|lpm_counter:LPM_COUNTER_component"
Info (12130): Elaborated megafunction instantiation "CNT_4BIT:inst3|lpm_counter:LPM_COUNTER_component"
Info (12133): Instantiated megafunction "CNT_4BIT:inst3|lpm_counter:LPM_COUNTER_component" with the following parameter:
    Info (12134): Parameter "lpm_direction" = "UP"
    Info (12134): Parameter "lpm_port_updown" = "PORT_UNUSED"
    Info (12134): Parameter "lpm_type" = "LPM_COUNTER"
    Info (12134): Parameter "lpm_width" = "4"
Info (12021): Found 1 design units, including 1 entities, in source file db/cntr_3oi.tdf
    Info (12023): Found entity 1: cntr_3oi
Info (12128): Elaborating entity "cntr_3oi" for hierarchy "CNT_4BIT:inst3|lpm_counter:LPM_COUNTER_component|cntr_3oi:auto_generated"
Info (12128): Elaborating entity "LPM_FF" for hierarchy "LPM_FF:REG_X_INST"
Info (12130): Elaborated megafunction instantiation "LPM_FF:REG_X_INST"
Info (12133): Instantiated megafunction "LPM_FF:REG_X_INST" with the following parameter:
    Info (12134): Parameter "LPM_WIDTH" = "16"
Info (12128): Elaborating entity "MUX16_21" for hierarchy "MUX16_21:inst18"
Info (12128): Elaborating entity "ALU" for hierarchy "ALU:inst26"
Info (12128): Elaborating entity "MUX16_41" for hierarchy "ALU:inst26|MUX16_41:inst2"
Info (12128): Elaborating entity "ADDER16bit" for hierarchy "ALU:inst26|ADDER16bit:inst"
Info (12128): Elaborating entity "ADDER" for hierarchy "ALU:inst26|ADDER16bit:inst|ADDER:inst19"
Info (12128): Elaborating entity "SUB16bit" for hierarchy "ALU:inst26|SUB16bit:inst1"
Info (12128): Elaborating entity "ATAN_LUT_ASYNC" for hierarchy "ATAN_LUT_ASYNC:inst40"
Info (12128): Elaborating entity "BARREL_SHIFTER" for hierarchy "BARREL_SHIFTER:inst36"
Info (12128): Elaborating entity "SHIFTER_STAGE3" for hierarchy "BARREL_SHIFTER:inst36|SHIFTER_STAGE3:inst3"
Info (12128): Elaborating entity "ASR1" for hierarchy "BARREL_SHIFTER:inst36|SHIFTER_STAGE3:inst3|ASR1:inst8"
Warning (275011): Block or symbol "WIRE" of instance "inst" overlaps another block or symbol
Warning (275011): Block or symbol "WIRE" of instance "inst25" overlaps another block or symbol
Warning (275011): Block or symbol "WIRE" of instance "inst27" overlaps another block or symbol
Warning (275011): Block or symbol "WIRE" of instance "inst29" overlaps another block or symbol
Warning (275011): Block or symbol "WIRE" of instance "inst31" overlaps another block or symbol
Warning (275011): Block or symbol "WIRE" of instance "inst33" overlaps another block or symbol
Warning (275011): Block or symbol "WIRE" of instance "inst35" overlaps another block or symbol
Warning (275011): Block or symbol "WIRE" of instance "inst37" overlaps another block or symbol
Info (12128): Elaborating entity "SHIFTER_STAGE2" for hierarchy "BARREL_SHIFTER:inst36|SHIFTER_STAGE2:inst2"
Info (12128): Elaborating entity "SHIFTER_STAGE1" for hierarchy "BARREL_SHIFTER:inst36|SHIFTER_STAGE1:inst1"
Info (12128): Elaborating entity "SHIFTER_STAGE0" for hierarchy "BARREL_SHIFTER:inst36|SHIFTER_STAGE0:inst"
Warning (12125): Using design file const_k.v, which is not specified as a design file for the current project, but contains definitions for 1 design units and 1 entities in project
    Info (12023): Found entity 1: CONST_K
Info (12128): Elaborating entity "CONST_K" for hierarchy "CONST_K:inst7"
Info (12128): Elaborating entity "lpm_constant" for hierarchy "CONST_K:inst7|lpm_constant:LPM_CONSTANT_component"
Info (12130): Elaborated megafunction instantiation "CONST_K:inst7|lpm_constant:LPM_CONSTANT_component"
Info (12133): Instantiated megafunction "CONST_K:inst7|lpm_constant:LPM_CONSTANT_component" with the following parameter:
    Info (12134): Parameter "lpm_cvalue" = "9949"
    Info (12134): Parameter "lpm_hint" = "ENABLE_RUNTIME_MOD=NO"
    Info (12134): Parameter "lpm_type" = "LPM_CONSTANT"
    Info (12134): Parameter "lpm_width" = "16"
Info (16010): Generating hard_block partition "hard_block:auto_generated_inst"
    Info (16011): Adding 0 node(s), including 0 DDIO, 0 PLL, 0 transceiver and 0 LCELL
Info (21057): Implemented 372 device resources after synthesis - the final resource count might be different
    Info (21058): Implemented 18 input pins
    Info (21059): Implemented 33 output pins
    Info (21061): Implemented 321 logic cells
Info: Quartus II 64-Bit Analysis & Synthesis was successful. 0 errors, 11 warnings
    Info: Peak virtual memory: 4624 megabytes
    Info: Processing ended: Tue Dec 02 22:01:16 2025
    Info: Elapsed time: 00:00:02
    Info: Total CPU time (on all processors): 00:00:01


